<?xml version="1.0" encoding="UTF-8"?>
<!-- Generated by org.testng.reporters.JUnitReportReporter -->
<testsuite hostname="LAPTOP-N3G6APIF" failures="0" tests="3" name="vtiger.DataProviderEx2" time="0.018" errors="0" timestamp="2024-10-06T17:11:33 IST" skipped="0">
  <testcase classname="vtiger.DataProviderEx2" name="bookTicket" time="0.005"/>
  <testcase classname="vtiger.DataProviderEx2" name="bookTicket" time="0.011"/>
  <testcase classname="vtiger.DataProviderEx2" name="bookTicket" time="0.002"/>
</testsuite> <!-- vtiger.DataProviderEx2 -->
