<?xml version="1.0" encoding="UTF-8"?>
<!-- Generated by org.testng.reporters.JUnitReportReporter -->
<testsuite hostname="LAPTOP-N3G6APIF" failures="0" tests="3" name="vtiger.CreateOrganisationWithDataProvider" time="70.727" errors="0" timestamp="2024-10-23T21:48:40 IST" skipped="0">
  <testcase classname="vtiger.CreateOrganisationWithDataProvider" name="createOrganisation" time="24.015"/>
  <testcase classname="vtiger.CreateOrganisationWithDataProvider" name="createOrganisation" time="23.519"/>
  <testcase classname="vtiger.CreateOrganisationWithDataProvider" name="createOrganisation" time="23.193"/>
</testsuite> <!-- vtiger.CreateOrganisationWithDataProvider -->
