<?xml version="1.0" encoding="UTF-8"?>
<!-- Generated by org.testng.reporters.JUnitReportReporter -->
<testsuite hostname="LAPTOP-N3G6APIF" failures="0" tests="1" name="vtiger.CreateProductTest" time="23.702" errors="0" timestamp="2024-10-23T21:35:53 IST" skipped="0">
  <testcase classname="vtiger.CreateProductTest" name="createProduct" time="23.702"/>
</testsuite> <!-- vtiger.CreateProductTest -->
