<?xml version="1.0" encoding="UTF-8"?>
<!-- Generated by org.testng.reporters.JUnitReportReporter -->
<testsuite hostname="LAPTOP-N3G6APIF" failures="0" tests="5" name="pratice.sampleTestNG" time="0.014" errors="0" timestamp="2024-10-05T20:36:47 IST" skipped="0">
  <testcase classname="pratice.sampleTestNG" name="createContact" time="0.002"/>
  <testcase classname="pratice.sampleTestNG" name="createContact" time="0.001"/>
  <testcase classname="pratice.sampleTestNG" name="createContact" time="0.007"/>
  <testcase classname="pratice.sampleTestNG" name="deleteConatct" time="0.002"/>
  <testcase classname="pratice.sampleTestNG" name="modify" time="0.002"/>
</testsuite> <!-- pratice.sampleTestNG -->
