<?xml version="1.0" encoding="UTF-8"?>
<!-- Generated by org.testng.reporters.JUnitReportReporter -->
<testsuite hostname="LAPTOP-N3G6APIF" failures="0" tests="2" name="vtiger.DataProviderEx1" time="0.024" errors="0" timestamp="2024-10-06T08:52:29 IST" skipped="0">
  <testcase classname="vtiger.DataProviderEx1" name="bookTicket" time="0.021"/>
  <testcase classname="vtiger.DataProviderEx1" name="bookTicket" time="0.003"/>
</testsuite> <!-- vtiger.DataProviderEx1 -->
